<?xml version="1.0" encoding="UTF-8" ?>
<testsuite tests="9" failures="1" name="TestSuite" time="23.323" errors="0" skipped="8">
  <properties>
    <property name="java.runtime.name" value="Java(TM) SE Runtime Environment"/>
    <property name="sun.boot.library.path" value="/Library/Java/JavaVirtualMachines/jdk1.8.0_131.jdk/Contents/Home/jre/lib"/>
    <property name="java.vm.version" value="25.131-b11"/>
    <property name="user.country.format" value="IN"/>
    <property name="gopherProxySet" value="false"/>
    <property name="java.vm.vendor" value="Oracle Corporation"/>
    <property name="java.vendor.url" value="http://java.oracle.com/"/>
    <property name="path.separator" value=":"/>
    <property name="java.vm.name" value="Java HotSpot(TM) 64-Bit Server VM"/>
    <property name="file.encoding.pkg" value="sun.io"/>
    <property name="user.country" value="US"/>
    <property name="sun.java.launcher" value="SUN_STANDARD"/>
    <property name="sun.os.patch.level" value="unknown"/>
    <property name="java.vm.specification.name" value="Java Virtual Machine Specification"/>
    <property name="user.dir" value="/Users/dhruvtyagi/Downloads/new Integration/LoyLogica-POC"/>
    <property name="java.runtime.version" value="1.8.0_131-b11"/>
    <property name="java.awt.graphicsenv" value="sun.awt.CGraphicsEnvironment"/>
    <property name="basedir" value="/Users/dhruvtyagi/Downloads/new Integration/LoyLogica-POC"/>
    <property name="java.endorsed.dirs" value="/Library/Java/JavaVirtualMachines/jdk1.8.0_131.jdk/Contents/Home/jre/lib/endorsed"/>
    <property name="os.arch" value="x86_64"/>
    <property name="surefire.real.class.path" value="/var/folders/8z/p8sf2_b15_j0df80c1hl02p80000gn/T/surefirebooter8592516754363268975.jar"/>
    <property name="java.io.tmpdir" value="/var/folders/8z/p8sf2_b15_j0df80c1hl02p80000gn/T/"/>
    <property name="line.separator" value="
"/>
    <property name="java.vm.specification.vendor" value="Oracle Corporation"/>
    <property name="os.name" value="Mac OS X"/>
    <property name="sun.jnu.encoding" value="UTF-8"/>
    <property name="java.library.path" value="/Users/dhruvtyagi/Library/Java/Extensions:/Library/Java/Extensions:/Network/Library/Java/Extensions:/System/Library/Java/Extensions:/usr/lib/java:."/>
    <property name="surefire.test.class.path" value="/Users/dhruvtyagi/Downloads/new Integration/LoyLogica-POC/target/test-classes:/Users/dhruvtyagi/Downloads/new Integration/LoyLogica-POC/target/classes:/Users/dhruvtyagi/.m2/repository/org/testng/testng/6.8/testng-6.8.jar:/Users/dhruvtyagi/.m2/repository/junit/junit/4.10/junit-4.10.jar:/Users/dhruvtyagi/.m2/repository/org/hamcrest/hamcrest-core/1.1/hamcrest-core-1.1.jar:/Users/dhruvtyagi/.m2/repository/org/beanshell/bsh/2.0b4/bsh-2.0b4.jar:/Users/dhruvtyagi/.m2/repository/com/beust/jcommander/1.27/jcommander-1.27.jar:/Users/dhruvtyagi/.m2/repository/org/yaml/snakeyaml/1.6/snakeyaml-1.6.jar:/Users/dhruvtyagi/.m2/repository/org/slf4j/slf4j-api/1.7.5/slf4j-api-1.7.5.jar:/Users/dhruvtyagi/.m2/repository/org/apache/poi/poi/3.15/poi-3.15.jar:/Users/dhruvtyagi/.m2/repository/commons-codec/commons-codec/1.10/commons-codec-1.10.jar:/Users/dhruvtyagi/.m2/repository/org/apache/commons/commons-collections4/4.1/commons-collections4-4.1.jar:/Users/dhruvtyagi/.m2/repository/org/apache/poi/poi-ooxml-schemas/3.15/poi-ooxml-schemas-3.15.jar:/Users/dhruvtyagi/.m2/repository/org/apache/xmlbeans/xmlbeans/2.4.0/xmlbeans-2.4.0.jar:/Users/dhruvtyagi/.m2/repository/stax/stax-api/1.0.1/stax-api-1.0.1.jar:/Users/dhruvtyagi/.m2/repository/org/uncommons/reportng/1.1.4/reportng-1.1.4.jar:/Users/dhruvtyagi/.m2/repository/velocity/velocity/1.4/velocity-1.4.jar:/Users/dhruvtyagi/.m2/repository/velocity/velocity-dep/1.4/velocity-dep-1.4.jar:/Users/dhruvtyagi/.m2/repository/org/apache/poi/poi-ooxml/3.15/poi-ooxml-3.15.jar:/Users/dhruvtyagi/.m2/repository/com/github/virtuald/curvesapi/1.04/curvesapi-1.04.jar:/Users/dhruvtyagi/.m2/repository/ch/qos/logback/logback-classic/1.1.8/logback-classic-1.1.8.jar:/Users/dhruvtyagi/.m2/repository/ch/qos/logback/logback-core/1.1.8/logback-core-1.1.8.jar:/Users/dhruvtyagi/.m2/repository/log4j/log4j/1.2.15/log4j-1.2.15.jar:/Users/dhruvtyagi/.m2/repository/javax/mail/mail/1.4/mail-1.4.jar:/Users/dhruvtyagi/.m2/repository/javax/activation/activation/1.1/activation-1.1.jar:/Users/dhruvtyagi/.m2/repository/com/google/inject/guice/3.0/guice-3.0.jar:/Users/dhruvtyagi/.m2/repository/javax/inject/javax.inject/1/javax.inject-1.jar:/Users/dhruvtyagi/.m2/repository/aopalliance/aopalliance/1.0/aopalliance-1.0.jar:/Users/dhruvtyagi/.m2/repository/com/relevantcodes/extentreports/2.41.2/extentreports-2.41.2.jar:/Users/dhruvtyagi/.m2/repository/org/xerial/sqlite-jdbc/3.8.11.1/sqlite-jdbc-3.8.11.1.jar:/Users/dhruvtyagi/.m2/repository/org/freemarker/freemarker/2.3.23/freemarker-2.3.23.jar:/Users/dhruvtyagi/.m2/repository/org/mongodb/mongodb-driver/3.0.4/mongodb-driver-3.0.4.jar:/Users/dhruvtyagi/.m2/repository/org/mongodb/bson/3.0.4/bson-3.0.4.jar:/Users/dhruvtyagi/.m2/repository/org/mongodb/mongodb-driver-core/3.0.4/mongodb-driver-core-3.0.4.jar:/Users/dhruvtyagi/.m2/repository/org/jsoup/jsoup/1.10.2/jsoup-1.10.2.jar:/Users/dhruvtyagi/.m2/repository/org/seleniumhq/selenium/selenium-java/3.0.1/selenium-java-3.0.1.jar:/Users/dhruvtyagi/.m2/repository/org/seleniumhq/selenium/selenium-chrome-driver/3.0.1/selenium-chrome-driver-3.0.1.jar:/Users/dhruvtyagi/.m2/repository/org/seleniumhq/selenium/selenium-remote-driver/3.0.1/selenium-remote-driver-3.0.1.jar:/Users/dhruvtyagi/.m2/repository/org/seleniumhq/selenium/selenium-api/3.0.1/selenium-api-3.0.1.jar:/Users/dhruvtyagi/.m2/repository/cglib/cglib-nodep/3.2.4/cglib-nodep-3.2.4.jar:/Users/dhruvtyagi/.m2/repository/org/apache/commons/commons-exec/1.3/commons-exec-1.3.jar:/Users/dhruvtyagi/.m2/repository/com/google/code/gson/gson/2.3.1/gson-2.3.1.jar:/Users/dhruvtyagi/.m2/repository/com/google/guava/guava/19.0/guava-19.0.jar:/Users/dhruvtyagi/.m2/repository/net/java/dev/jna/jna-platform/4.1.0/jna-platform-4.1.0.jar:/Users/dhruvtyagi/.m2/repository/net/java/dev/jna/jna/4.1.0/jna-4.1.0.jar:/Users/dhruvtyagi/.m2/repository/org/seleniumhq/selenium/selenium-edge-driver/3.0.1/selenium-edge-driver-3.0.1.jar:/Users/dhruvtyagi/.m2/repository/org/seleniumhq/selenium/selenium-firefox-driver/3.0.1/selenium-firefox-driver-3.0.1.jar:/Users/dhruvtyagi/.m2/repository/org/seleniumhq/selenium/selenium-ie-driver/3.0.1/selenium-ie-driver-3.0.1.jar:/Users/dhruvtyagi/.m2/repository/org/seleniumhq/selenium/selenium-opera-driver/3.0.1/selenium-opera-driver-3.0.1.jar:/Users/dhruvtyagi/.m2/repository/org/seleniumhq/selenium/selenium-safari-driver/3.0.1/selenium-safari-driver-3.0.1.jar:/Users/dhruvtyagi/.m2/repository/io/netty/netty/3.5.7.Final/netty-3.5.7.Final.jar:/Users/dhruvtyagi/.m2/repository/org/seleniumhq/selenium/selenium-support/3.0.1/selenium-support-3.0.1.jar:/Users/dhruvtyagi/.m2/repository/net/sourceforge/htmlunit/htmlunit/2.23/htmlunit-2.23.jar:/Users/dhruvtyagi/.m2/repository/xalan/xalan/2.7.2/xalan-2.7.2.jar:/Users/dhruvtyagi/.m2/repository/xalan/serializer/2.7.2/serializer-2.7.2.jar:/Users/dhruvtyagi/.m2/repository/org/apache/commons/commons-lang3/3.4/commons-lang3-3.4.jar:/Users/dhruvtyagi/.m2/repository/org/apache/httpcomponents/httpclient/4.5.2/httpclient-4.5.2.jar:/Users/dhruvtyagi/.m2/repository/org/apache/httpcomponents/httpcore/4.4.4/httpcore-4.4.4.jar:/Users/dhruvtyagi/.m2/repository/org/apache/httpcomponents/httpmime/4.5.2/httpmime-4.5.2.jar:/Users/dhruvtyagi/.m2/repository/net/sourceforge/htmlunit/htmlunit-core-js/2.23/htmlunit-core-js-2.23.jar:/Users/dhruvtyagi/.m2/repository/net/sourceforge/htmlunit/neko-htmlunit/2.23/neko-htmlunit-2.23.jar:/Users/dhruvtyagi/.m2/repository/xerces/xercesImpl/2.11.0/xercesImpl-2.11.0.jar:/Users/dhruvtyagi/.m2/repository/xml-apis/xml-apis/1.4.01/xml-apis-1.4.01.jar:/Users/dhruvtyagi/.m2/repository/net/sourceforge/cssparser/cssparser/0.9.20/cssparser-0.9.20.jar:/Users/dhruvtyagi/.m2/repository/org/w3c/css/sac/1.3/sac-1.3.jar:/Users/dhruvtyagi/.m2/repository/commons-io/commons-io/2.5/commons-io-2.5.jar:/Users/dhruvtyagi/.m2/repository/commons-logging/commons-logging/1.2/commons-logging-1.2.jar:/Users/dhruvtyagi/.m2/repository/com/codeborne/phantomjsdriver/1.3.0/phantomjsdriver-1.3.0.jar:/Users/dhruvtyagi/.m2/repository/org/eclipse/jetty/websocket/websocket-client/9.2.15.v20160210/websocket-client-9.2.15.v20160210.jar:/Users/dhruvtyagi/.m2/repository/org/eclipse/jetty/jetty-util/9.2.15.v20160210/jetty-util-9.2.15.v20160210.jar:/Users/dhruvtyagi/.m2/repository/org/eclipse/jetty/jetty-io/9.2.15.v20160210/jetty-io-9.2.15.v20160210.jar:/Users/dhruvtyagi/.m2/repository/org/eclipse/jetty/websocket/websocket-common/9.2.15.v20160210/websocket-common-9.2.15.v20160210.jar:/Users/dhruvtyagi/.m2/repository/org/eclipse/jetty/websocket/websocket-api/9.2.15.v20160210/websocket-api-9.2.15.v20160210.jar:"/>
    <property name="java.specification.name" value="Java Platform API Specification"/>
    <property name="java.class.version" value="52.0"/>
    <property name="sun.management.compiler" value="HotSpot 64-Bit Tiered Compilers"/>
    <property name="os.version" value="10.9.5"/>
    <property name="http.nonProxyHosts" value="local|*.local|169.254/16|*.169.254/16"/>
    <property name="user.home" value="/Users/dhruvtyagi"/>
    <property name="user.timezone" value="Asia/Kolkata"/>
    <property name="java.awt.printerjob" value="sun.lwawt.macosx.CPrinterJob"/>
    <property name="java.specification.version" value="1.8"/>
    <property name="file.encoding" value="UTF-8"/>
    <property name="user.name" value="dhruvtyagi"/>
    <property name="java.class.path" value="/Users/dhruvtyagi/Downloads/new Integration/LoyLogica-POC/target/test-classes:/Users/dhruvtyagi/Downloads/new Integration/LoyLogica-POC/target/classes:/Users/dhruvtyagi/.m2/repository/org/testng/testng/6.8/testng-6.8.jar:/Users/dhruvtyagi/.m2/repository/junit/junit/4.10/junit-4.10.jar:/Users/dhruvtyagi/.m2/repository/org/hamcrest/hamcrest-core/1.1/hamcrest-core-1.1.jar:/Users/dhruvtyagi/.m2/repository/org/beanshell/bsh/2.0b4/bsh-2.0b4.jar:/Users/dhruvtyagi/.m2/repository/com/beust/jcommander/1.27/jcommander-1.27.jar:/Users/dhruvtyagi/.m2/repository/org/yaml/snakeyaml/1.6/snakeyaml-1.6.jar:/Users/dhruvtyagi/.m2/repository/org/slf4j/slf4j-api/1.7.5/slf4j-api-1.7.5.jar:/Users/dhruvtyagi/.m2/repository/org/apache/poi/poi/3.15/poi-3.15.jar:/Users/dhruvtyagi/.m2/repository/commons-codec/commons-codec/1.10/commons-codec-1.10.jar:/Users/dhruvtyagi/.m2/repository/org/apache/commons/commons-collections4/4.1/commons-collections4-4.1.jar:/Users/dhruvtyagi/.m2/repository/org/apache/poi/poi-ooxml-schemas/3.15/poi-ooxml-schemas-3.15.jar:/Users/dhruvtyagi/.m2/repository/org/apache/xmlbeans/xmlbeans/2.4.0/xmlbeans-2.4.0.jar:/Users/dhruvtyagi/.m2/repository/stax/stax-api/1.0.1/stax-api-1.0.1.jar:/Users/dhruvtyagi/.m2/repository/org/uncommons/reportng/1.1.4/reportng-1.1.4.jar:/Users/dhruvtyagi/.m2/repository/velocity/velocity/1.4/velocity-1.4.jar:/Users/dhruvtyagi/.m2/repository/velocity/velocity-dep/1.4/velocity-dep-1.4.jar:/Users/dhruvtyagi/.m2/repository/org/apache/poi/poi-ooxml/3.15/poi-ooxml-3.15.jar:/Users/dhruvtyagi/.m2/repository/com/github/virtuald/curvesapi/1.04/curvesapi-1.04.jar:/Users/dhruvtyagi/.m2/repository/ch/qos/logback/logback-classic/1.1.8/logback-classic-1.1.8.jar:/Users/dhruvtyagi/.m2/repository/ch/qos/logback/logback-core/1.1.8/logback-core-1.1.8.jar:/Users/dhruvtyagi/.m2/repository/log4j/log4j/1.2.15/log4j-1.2.15.jar:/Users/dhruvtyagi/.m2/repository/javax/mail/mail/1.4/mail-1.4.jar:/Users/dhruvtyagi/.m2/repository/javax/activation/activation/1.1/activation-1.1.jar:/Users/dhruvtyagi/.m2/repository/com/google/inject/guice/3.0/guice-3.0.jar:/Users/dhruvtyagi/.m2/repository/javax/inject/javax.inject/1/javax.inject-1.jar:/Users/dhruvtyagi/.m2/repository/aopalliance/aopalliance/1.0/aopalliance-1.0.jar:/Users/dhruvtyagi/.m2/repository/com/relevantcodes/extentreports/2.41.2/extentreports-2.41.2.jar:/Users/dhruvtyagi/.m2/repository/org/xerial/sqlite-jdbc/3.8.11.1/sqlite-jdbc-3.8.11.1.jar:/Users/dhruvtyagi/.m2/repository/org/freemarker/freemarker/2.3.23/freemarker-2.3.23.jar:/Users/dhruvtyagi/.m2/repository/org/mongodb/mongodb-driver/3.0.4/mongodb-driver-3.0.4.jar:/Users/dhruvtyagi/.m2/repository/org/mongodb/bson/3.0.4/bson-3.0.4.jar:/Users/dhruvtyagi/.m2/repository/org/mongodb/mongodb-driver-core/3.0.4/mongodb-driver-core-3.0.4.jar:/Users/dhruvtyagi/.m2/repository/org/jsoup/jsoup/1.10.2/jsoup-1.10.2.jar:/Users/dhruvtyagi/.m2/repository/org/seleniumhq/selenium/selenium-java/3.0.1/selenium-java-3.0.1.jar:/Users/dhruvtyagi/.m2/repository/org/seleniumhq/selenium/selenium-chrome-driver/3.0.1/selenium-chrome-driver-3.0.1.jar:/Users/dhruvtyagi/.m2/repository/org/seleniumhq/selenium/selenium-remote-driver/3.0.1/selenium-remote-driver-3.0.1.jar:/Users/dhruvtyagi/.m2/repository/org/seleniumhq/selenium/selenium-api/3.0.1/selenium-api-3.0.1.jar:/Users/dhruvtyagi/.m2/repository/cglib/cglib-nodep/3.2.4/cglib-nodep-3.2.4.jar:/Users/dhruvtyagi/.m2/repository/org/apache/commons/commons-exec/1.3/commons-exec-1.3.jar:/Users/dhruvtyagi/.m2/repository/com/google/code/gson/gson/2.3.1/gson-2.3.1.jar:/Users/dhruvtyagi/.m2/repository/com/google/guava/guava/19.0/guava-19.0.jar:/Users/dhruvtyagi/.m2/repository/net/java/dev/jna/jna-platform/4.1.0/jna-platform-4.1.0.jar:/Users/dhruvtyagi/.m2/repository/net/java/dev/jna/jna/4.1.0/jna-4.1.0.jar:/Users/dhruvtyagi/.m2/repository/org/seleniumhq/selenium/selenium-edge-driver/3.0.1/selenium-edge-driver-3.0.1.jar:/Users/dhruvtyagi/.m2/repository/org/seleniumhq/selenium/selenium-firefox-driver/3.0.1/selenium-firefox-driver-3.0.1.jar:/Users/dhruvtyagi/.m2/repository/org/seleniumhq/selenium/selenium-ie-driver/3.0.1/selenium-ie-driver-3.0.1.jar:/Users/dhruvtyagi/.m2/repository/org/seleniumhq/selenium/selenium-opera-driver/3.0.1/selenium-opera-driver-3.0.1.jar:/Users/dhruvtyagi/.m2/repository/org/seleniumhq/selenium/selenium-safari-driver/3.0.1/selenium-safari-driver-3.0.1.jar:/Users/dhruvtyagi/.m2/repository/io/netty/netty/3.5.7.Final/netty-3.5.7.Final.jar:/Users/dhruvtyagi/.m2/repository/org/seleniumhq/selenium/selenium-support/3.0.1/selenium-support-3.0.1.jar:/Users/dhruvtyagi/.m2/repository/net/sourceforge/htmlunit/htmlunit/2.23/htmlunit-2.23.jar:/Users/dhruvtyagi/.m2/repository/xalan/xalan/2.7.2/xalan-2.7.2.jar:/Users/dhruvtyagi/.m2/repository/xalan/serializer/2.7.2/serializer-2.7.2.jar:/Users/dhruvtyagi/.m2/repository/org/apache/commons/commons-lang3/3.4/commons-lang3-3.4.jar:/Users/dhruvtyagi/.m2/repository/org/apache/httpcomponents/httpclient/4.5.2/httpclient-4.5.2.jar:/Users/dhruvtyagi/.m2/repository/org/apache/httpcomponents/httpcore/4.4.4/httpcore-4.4.4.jar:/Users/dhruvtyagi/.m2/repository/org/apache/httpcomponents/httpmime/4.5.2/httpmime-4.5.2.jar:/Users/dhruvtyagi/.m2/repository/net/sourceforge/htmlunit/htmlunit-core-js/2.23/htmlunit-core-js-2.23.jar:/Users/dhruvtyagi/.m2/repository/net/sourceforge/htmlunit/neko-htmlunit/2.23/neko-htmlunit-2.23.jar:/Users/dhruvtyagi/.m2/repository/xerces/xercesImpl/2.11.0/xercesImpl-2.11.0.jar:/Users/dhruvtyagi/.m2/repository/xml-apis/xml-apis/1.4.01/xml-apis-1.4.01.jar:/Users/dhruvtyagi/.m2/repository/net/sourceforge/cssparser/cssparser/0.9.20/cssparser-0.9.20.jar:/Users/dhruvtyagi/.m2/repository/org/w3c/css/sac/1.3/sac-1.3.jar:/Users/dhruvtyagi/.m2/repository/commons-io/commons-io/2.5/commons-io-2.5.jar:/Users/dhruvtyagi/.m2/repository/commons-logging/commons-logging/1.2/commons-logging-1.2.jar:/Users/dhruvtyagi/.m2/repository/com/codeborne/phantomjsdriver/1.3.0/phantomjsdriver-1.3.0.jar:/Users/dhruvtyagi/.m2/repository/org/eclipse/jetty/websocket/websocket-client/9.2.15.v20160210/websocket-client-9.2.15.v20160210.jar:/Users/dhruvtyagi/.m2/repository/org/eclipse/jetty/jetty-util/9.2.15.v20160210/jetty-util-9.2.15.v20160210.jar:/Users/dhruvtyagi/.m2/repository/org/eclipse/jetty/jetty-io/9.2.15.v20160210/jetty-io-9.2.15.v20160210.jar:/Users/dhruvtyagi/.m2/repository/org/eclipse/jetty/websocket/websocket-common/9.2.15.v20160210/websocket-common-9.2.15.v20160210.jar:/Users/dhruvtyagi/.m2/repository/org/eclipse/jetty/websocket/websocket-api/9.2.15.v20160210/websocket-api-9.2.15.v20160210.jar:"/>
    <property name="java.vm.specification.version" value="1.8"/>
    <property name="sun.arch.data.model" value="64"/>
    <property name="java.home" value="/Library/Java/JavaVirtualMachines/jdk1.8.0_131.jdk/Contents/Home/jre"/>
    <property name="sun.java.command" value="/var/folders/8z/p8sf2_b15_j0df80c1hl02p80000gn/T/surefirebooter8592516754363268975.jar /var/folders/8z/p8sf2_b15_j0df80c1hl02p80000gn/T/surefire1726233455393369084tmp /var/folders/8z/p8sf2_b15_j0df80c1hl02p80000gn/T/surefire6726754562866998163tmp"/>
    <property name="java.specification.vendor" value="Oracle Corporation"/>
    <property name="user.language" value="en"/>
    <property name="awt.toolkit" value="sun.lwawt.macosx.LWCToolkit"/>
    <property name="java.vm.info" value="mixed mode"/>
    <property name="java.version" value="1.8.0_131"/>
    <property name="java.ext.dirs" value="/Users/dhruvtyagi/Library/Java/Extensions:/Library/Java/JavaVirtualMachines/jdk1.8.0_131.jdk/Contents/Home/jre/lib/ext:/Library/Java/Extensions:/Network/Library/Java/Extensions:/System/Library/Java/Extensions:/usr/lib/java"/>
    <property name="sun.boot.class.path" value="/Library/Java/JavaVirtualMachines/jdk1.8.0_131.jdk/Contents/Home/jre/lib/resources.jar:/Library/Java/JavaVirtualMachines/jdk1.8.0_131.jdk/Contents/Home/jre/lib/rt.jar:/Library/Java/JavaVirtualMachines/jdk1.8.0_131.jdk/Contents/Home/jre/lib/sunrsasign.jar:/Library/Java/JavaVirtualMachines/jdk1.8.0_131.jdk/Contents/Home/jre/lib/jsse.jar:/Library/Java/JavaVirtualMachines/jdk1.8.0_131.jdk/Contents/Home/jre/lib/jce.jar:/Library/Java/JavaVirtualMachines/jdk1.8.0_131.jdk/Contents/Home/jre/lib/charsets.jar:/Library/Java/JavaVirtualMachines/jdk1.8.0_131.jdk/Contents/Home/jre/lib/jfr.jar:/Library/Java/JavaVirtualMachines/jdk1.8.0_131.jdk/Contents/Home/jre/classes"/>
    <property name="webdriver.chrome.driver" value="/Users/dhruvtyagi/Downloads/new Integration/LoyLogica-POC/src//test//resources//webdriver/chromedriver.exe"/>
    <property name="java.vendor" value="Oracle Corporation"/>
    <property name="localRepository" value="/Users/dhruvtyagi/.m2/repository"/>
    <property name="file.separator" value="/"/>
    <property name="java.vendor.url.bug" value="http://bugreport.sun.com/bugreport/"/>
    <property name="sun.cpu.endian" value="little"/>
    <property name="sun.io.unicode.encoding" value="UnicodeBig"/>
    <property name="socksNonProxyHosts" value="local|*.local|169.254/16|*.169.254/16"/>
    <property name="ftp.nonProxyHosts" value="local|*.local|169.254/16|*.169.254/16"/>
    <property name="sun.cpu.isalist" value=""/>
  </properties>
  <testcase classname="com.loylogics.testscript.OnCommerceTests" name="setUp" time="0">
    <failure message="Timed out waiting for driver server to start.
Build info: version: &apos;3.0.1&apos;, revision: &apos;1969d75&apos;, time: &apos;2016-10-18 09:49:13 -0700&apos;
System info: host: &apos;Dhruvs-MacBook-Air.local&apos;, ip: &apos;192.168.0.5&apos;, os.name: &apos;Mac OS X&apos;, os.arch: &apos;x86_64&apos;, os.version: &apos;10.9.5&apos;, java.version: &apos;1.8.0_131&apos;
Driver info: driver.version: ChromeDriver" type="org.openqa.selenium.WebDriverException">org.openqa.selenium.WebDriverException: Timed out waiting for driver server to start.
Build info: version: &apos;3.0.1&apos;, revision: &apos;1969d75&apos;, time: &apos;2016-10-18 09:49:13 -0700&apos;
System info: host: &apos;Dhruvs-MacBook-Air.local&apos;, ip: &apos;192.168.0.5&apos;, os.name: &apos;Mac OS X&apos;, os.arch: &apos;x86_64&apos;, os.version: &apos;10.9.5&apos;, java.version: &apos;1.8.0_131&apos;
Driver info: driver.version: ChromeDriver
	at org.openqa.selenium.remote.service.DriverService.waitUntilAvailable(DriverService.java:178)
	at org.openqa.selenium.remote.service.DriverService.start(DriverService.java:166)
	at org.openqa.selenium.remote.service.DriverCommandExecutor.execute(DriverCommandExecutor.java:78)
	at org.openqa.selenium.remote.RemoteWebDriver.execute(RemoteWebDriver.java:601)
	at org.openqa.selenium.remote.RemoteWebDriver.startSession(RemoteWebDriver.java:241)
	at org.openqa.selenium.remote.RemoteWebDriver.&lt;init&gt;(RemoteWebDriver.java:128)
	at org.openqa.selenium.remote.RemoteWebDriver.&lt;init&gt;(RemoteWebDriver.java:141)
	at org.openqa.selenium.chrome.ChromeDriver.&lt;init&gt;(ChromeDriver.java:174)
	at org.openqa.selenium.chrome.ChromeDriver.&lt;init&gt;(ChromeDriver.java:163)
	at org.openqa.selenium.chrome.ChromeDriver.&lt;init&gt;(ChromeDriver.java:120)
	at com.loylogics.selenium.framework.BaseTest.setUp(BaseTest.java:88)
	at sun.reflect.NativeMethodAccessorImpl.invoke0(Native Method)
	at sun.reflect.NativeMethodAccessorImpl.invoke(NativeMethodAccessorImpl.java:62)
	at sun.reflect.DelegatingMethodAccessorImpl.invoke(DelegatingMethodAccessorImpl.java:43)
	at java.lang.reflect.Method.invoke(Method.java:498)
	at org.testng.internal.MethodInvocationHelper.invokeMethod(MethodInvocationHelper.java:80)
	at org.testng.internal.Invoker.invokeConfigurationMethod(Invoker.java:564)
	at org.testng.internal.Invoker.invokeConfigurations(Invoker.java:213)
	at org.testng.internal.Invoker.invokeConfigurations(Invoker.java:138)
	at org.testng.internal.TestMethodWorker.invokeBeforeClassMethods(TestMethodWorker.java:175)
	at org.testng.internal.TestMethodWorker.run(TestMethodWorker.java:107)
	at org.testng.TestRunner.privateRun(TestRunner.java:767)
	at org.testng.TestRunner.run(TestRunner.java:617)
	at org.testng.SuiteRunner.runTest(SuiteRunner.java:334)
	at org.testng.SuiteRunner.runSequentially(SuiteRunner.java:329)
	at org.testng.SuiteRunner.privateRun(SuiteRunner.java:291)
	at org.testng.SuiteRunner.run(SuiteRunner.java:240)
	at org.testng.SuiteRunnerWorker.runSuite(SuiteRunnerWorker.java:52)
	at org.testng.SuiteRunnerWorker.run(SuiteRunnerWorker.java:86)
	at org.testng.TestNG.runSuitesSequentially(TestNG.java:1198)
	at org.testng.TestNG.runSuitesLocally(TestNG.java:1123)
	at org.testng.TestNG.run(TestNG.java:1031)
	at org.apache.maven.surefire.testng.TestNGExecutor.run(TestNGExecutor.java:74)
	at org.apache.maven.surefire.testng.TestNGXmlTestSuite.execute(TestNGXmlTestSuite.java:92)
	at org.apache.maven.surefire.Surefire.run(Surefire.java:180)
	at sun.reflect.NativeMethodAccessorImpl.invoke0(Native Method)
	at sun.reflect.NativeMethodAccessorImpl.invoke(NativeMethodAccessorImpl.java:62)
	at sun.reflect.DelegatingMethodAccessorImpl.invoke(DelegatingMethodAccessorImpl.java:43)
	at java.lang.reflect.Method.invoke(Method.java:498)
	at org.apache.maven.surefire.booter.SurefireBooter.runSuitesInProcess(SurefireBooter.java:350)
	at org.apache.maven.surefire.booter.SurefireBooter.main(SurefireBooter.java:1021)
Caused by: org.openqa.selenium.net.UrlChecker$TimeoutException: Timed out waiting for [http://localhost:34848/status] to be available after 20014 ms
	at org.openqa.selenium.net.UrlChecker.waitUntilAvailable(UrlChecker.java:107)
	at org.openqa.selenium.remote.service.DriverService.waitUntilAvailable(DriverService.java:175)
	... 40 more
Caused by: com.google.common.util.concurrent.UncheckedTimeoutException: java.util.concurrent.TimeoutException
	at com.google.common.util.concurrent.SimpleTimeLimiter.callWithTimeout(SimpleTimeLimiter.java:143)
	at org.openqa.selenium.net.UrlChecker.waitUntilAvailable(UrlChecker.java:80)
	... 41 more
Caused by: java.util.concurrent.TimeoutException
	at java.util.concurrent.FutureTask.get(FutureTask.java:205)
	at com.google.common.util.concurrent.SimpleTimeLimiter.callWithTimeout(SimpleTimeLimiter.java:130)
	... 42 more
Caused by: org.openqa.selenium.net.UrlChecker$TimeoutException: Timed out waiting for [http://localhost:34848/status] to be available after 20014 ms
	at org.openqa.selenium.net.UrlChecker.waitUntilAvailable(UrlChecker.java:107)
	at org.openqa.selenium.remote.service.DriverService.waitUntilAvailable(DriverService.java:175)
	... 40 more
Caused by: com.google.common.util.concurrent.UncheckedTimeoutException: java.util.concurrent.TimeoutException
	at com.google.common.util.concurrent.SimpleTimeLimiter.callWithTimeout(SimpleTimeLimiter.java:143)
	at org.openqa.selenium.net.UrlChecker.waitUntilAvailable(UrlChecker.java:80)
	... 41 more
Caused by: java.util.concurrent.TimeoutException
	at java.util.concurrent.FutureTask.get(FutureTask.java:205)
	at com.google.common.util.concurrent.SimpleTimeLimiter.callWithTimeout(SimpleTimeLimiter.java:130)
	... 42 more
</failure>
  </testcase>
  <testcase classname="com.loylogics.testscript.OnCommerceTests" name="initiData" time="0.033">
    <skipped/>
  </testcase>
  <testcase classname="com.loylogics.testscript.OnCommerceTests" name="AddingMerchantOnCommerce" time="0">
    <skipped/>
  </testcase>
  <testcase classname="com.loylogics.testscript.OnCommerceTests" name="afterMainMethod" time="0">
    <skipped/>
  </testcase>
  <testcase classname="com.loylogics.testscript.HomePageTests" name="setUp" time="0.002">
    <skipped/>
  </testcase>
  <testcase classname="com.loylogics.testscript.HomePageTests" name="initiData" time="0.002">
    <skipped/>
  </testcase>
  <testcase classname="com.loylogics.testscript.HomePageTests" name="AddingItemInCart" time="0">
    <skipped/>
  </testcase>
  <testcase classname="com.loylogics.testscript.HomePageTests" name="afterMainMethod" time="0">
    <skipped/>
  </testcase>
  <testcase classname="com.loylogics.testscript.OnCommerceTests" name="tearDownSuite" time="0.001">
    <skipped/>
  </testcase>
</testsuite>