<?xml version="1.0" encoding="UTF-8"?>
<!-- Generated by org.testng.reporters.JUnitReportReporter -->
<testsuite hostname="Dhruvlp" name="com.loylogics.testscript.IsometricTestCase1" tests="1" failures="0" timestamp="16 May 2017 06:15:00 GMT" time="77.542" errors="0">
  <testcase name="Test1" time="77.542" classname="com.loylogics.testscript.IsometricTestCase1"/>
</testsuite> <!-- com.loylogics.testscript.IsometricTestCase1 -->
